<?xml version="1.0" encoding="UTF-8"?>
<!-- Generated by org.testng.reporters.JUnitXMLReporter -->
<testsuite ignored="0" hostname="singh-Swift-SF314-52" failures="0" tests="3" name="Default test" time="0.038" errors="0" timestamp="12 Dec 2024 10:12:38 GMT">
  <testcase classname="LearnTestng.TestNg" name="addToCart" time="0.012"/>
  <testcase classname="LearnTestng.TestNg" name="login" time="0.002"/>
  <testcase classname="LearnTestng.TestNg" name="register" time="0.002"/>
</testsuite> <!-- Default test -->
