<?xml version="1.0" encoding="UTF-8"?>
<testng-results ignored="0" total="3" passed="3" failed="0" skipped="0">
  <reporter-output>
    <line>
      <![CDATA[add to cart test script executed successfully]]>
    </line>
    <line>
      <![CDATA[Login test script executed successfully]]>
    </line>
    <line>
      <![CDATA[register test script executed successfully]]>
    </line>
  </reporter-output>
  <suite started-at="2024-12-12T10:12:38Z" name="Default suite" finished-at="2024-12-12T10:12:38Z" duration-ms="38">
    <groups>
    </groups>
    <test started-at="2024-12-12T10:12:38Z" name="Default test" finished-at="2024-12-12T10:12:38Z" duration-ms="38">
      <class name="LearnTestng.TestNg">
        <test-method signature="addToCart()[pri:0, instance:LearnTestng.TestNg@50378a4]" started-at="2024-12-12T10:12:38Z" name="addToCart" finished-at="2024-12-12T10:12:38Z" duration-ms="12" status="PASS">
          <reporter-output>
            <line>
              <![CDATA[add to cart test script executed successfully]]>
            </line>
          </reporter-output>
        </test-method> <!-- addToCart -->
        <test-method signature="login()[pri:0, instance:LearnTestng.TestNg@50378a4]" started-at="2024-12-12T10:12:38Z" name="login" finished-at="2024-12-12T10:12:38Z" duration-ms="2" status="PASS">
          <reporter-output>
            <line>
              <![CDATA[Login test script executed successfully]]>
            </line>
          </reporter-output>
        </test-method> <!-- login -->
        <test-method signature="register()[pri:0, instance:LearnTestng.TestNg@50378a4]" started-at="2024-12-12T10:12:38Z" name="register" finished-at="2024-12-12T10:12:38Z" duration-ms="2" status="PASS">
          <reporter-output>
            <line>
              <![CDATA[register test script executed successfully]]>
            </line>
          </reporter-output>
        </test-method> <!-- register -->
      </class> <!-- LearnTestng.TestNg -->
    </test> <!-- Default test -->
  </suite> <!-- Default suite -->
</testng-results>
